27/05/2015 17:53:21	This log contains information about the import schema operation into project 'Database1' on computer 'MARIANOPC' by user 'Administrador'.
27/05/2015 17:53:22	Import of database schema has started.
27/05/2015 17:53:34	Gathering database options
27/05/2015 17:53:34	Gathering users
27/05/2015 17:53:34	Gathering roles
27/05/2015 17:53:34	Gathering application roles
27/05/2015 17:53:34	Gathering role memberships
27/05/2015 17:53:34	Gathering filegroups
27/05/2015 17:53:34	Gathering full-text catalogs
27/05/2015 17:53:34	Gathering assemblies
27/05/2015 17:53:34	Gathering certificates
27/05/2015 17:53:34	Gathering asymmetric keys
27/05/2015 17:53:34	Gathering symmetric keys
27/05/2015 17:53:34	Gathering encrypted symmetric keys
27/05/2015 17:53:34	Gathering schemas
27/05/2015 17:53:34	Gathering XML schema collections
27/05/2015 17:53:34	Gathering user-defined data types
27/05/2015 17:53:34	Gathering user-defined types
27/05/2015 17:53:34	Gathering table types
27/05/2015 17:53:34	Gathering unique keys for table types
27/05/2015 17:53:34	Gathering primary keys for table types
27/05/2015 17:53:34	Gathering check constraints for table types
27/05/2015 17:53:34	Gathering default constraints for table types
27/05/2015 17:53:35	Gathering partition functions
27/05/2015 17:53:35	Gathering partition schemes
27/05/2015 17:53:35	Gathering functions
27/05/2015 17:53:35	Gathering encrypted functions
27/05/2015 17:53:35	Gathering aggregates
27/05/2015 17:53:35	Gathering procedures
27/05/2015 17:58:24	Gathering encrypted procedures
27/05/2015 17:58:24	Gathering tables
27/05/2015 17:58:50	Gathering primary keys
27/05/2015 17:58:53	Gathering unique constraints
27/05/2015 17:58:53	Gathering foreign keys
27/05/2015 17:58:55	Gathering default constraints
27/05/2015 17:58:55	Gathering check constraints
27/05/2015 17:58:55	Gathering views
27/05/2015 17:58:55	Gathering encrypted views
27/05/2015 17:58:55	Gathering indexes
27/05/2015 17:58:55	Gathering statistics
27/05/2015 17:58:55	Gathering full-text index stoplists
27/05/2015 17:58:55	Gathering full-text indexes
27/05/2015 17:58:55	Gathering spatial indexes
27/05/2015 17:58:55	Gathering XML indexes
27/05/2015 17:58:55	Gathering encrypted triggers
27/05/2015 17:58:55	Gathering triggers
27/05/2015 17:58:55	Gathering encrypted and clr ddl triggers
27/05/2015 17:58:55	Gathering ddl triggers
27/05/2015 17:58:55	Gathering synonyms
27/05/2015 17:58:55	Gathering defaults
27/05/2015 17:58:55	Gathering data constraint uddt bindings
27/05/2015 17:58:55	Gathering rules
27/05/2015 17:58:55	Gathering data constraint uddt bindings
27/05/2015 17:58:55	Gathering message types
27/05/2015 17:58:55	Gathering queues
27/05/2015 17:58:55	Gathering contracts
27/05/2015 17:58:56	Gathering services
27/05/2015 17:58:56	Gathering event notifications
27/05/2015 17:58:56	Gathering remote service bindings
27/05/2015 17:58:56	Gathering broker priorities
27/05/2015 17:58:56	Gathering signatures
27/05/2015 17:58:56	Gathering data compression options
27/05/2015 17:58:56	Gathering extended properties
27/05/2015 17:58:57	Gathering credentials
27/05/2015 17:58:57	Gathering logins
27/05/2015 17:58:57	Gathering server audits
27/05/2015 17:59:02	Scanning project for duplicate elements
27/05/2015 17:59:03	Finished duplicate element processing
27/05/2015 17:59:32	Finished importing database.
27/05/2015 17:59:32	A summary of the import was saved to the following location: C:\Users\Administrador\Documents\bdl\pronto\Database1\Import Schema Logs\Database1_20150527085321.log
27/05/2015 17:59:32	Click Finish to continue...
